<?xml version="1.0" encoding="UTF-8"?>
<!-- Generated by org.testng.reporters.JUnitReportReporter -->
<testsuite skipped="0" hostname="SWT-LTOP-208" name="com.qa.opencart.text.HomePageTest" tests="6" failures="0" timestamp="2022-07-06T15:20:12 IST" time="2.200" errors="0">
  <testcase name="SearchTest" time="0.549" classname="com.qa.opencart.text.HomePageTest"/>
  <system-out/>
  <testcase name="GetPageTitle" time="0.019" classname="com.qa.opencart.text.HomePageTest"/>
  <system-out/>
  <testcase name="SearchTest" time="0.608" classname="com.qa.opencart.text.HomePageTest"/>
  <system-out/>
  <testcase name="SearchTest" time="0.511" classname="com.qa.opencart.text.HomePageTest"/>
  <system-out/>
  <testcase name="GetPageUrl" time="0.000" classname="com.qa.opencart.text.HomePageTest"/>
  <system-out/>
  <testcase name="SearchTest" time="0.513" classname="com.qa.opencart.text.HomePageTest"/>
  <system-out/>
</testsuite> <!-- com.qa.opencart.text.HomePageTest -->
